<?xml version="1.0" encoding="UTF-8" standalone="yes" ?>
<test-results name="D:\Projetos\rest-api-horse\DUnitX.exe" total="16" errors="2" failures="0" ignored="0" inconclusive="0" not-run="0" skipped="0" invalid="0" date="2020-09-07" time="7.113">
  <culture-info current-culture="en" current-uiculture="en" />
  <test-suite type="Assembly" name="DUnitX.exe" executed="true" result="Failure" success="False" time="7.113" asserts="0">
    <results>
        <test-suite type="Namespace" name="ApiMethodsTest" executed="true" result="Success" success="True" time="7.112" asserts="0" >
          <results>
              <test-suite type="Fixture" name="TApiMethodsTest" executed="True" result="Success" success="True" time="7.112" >
                <results>
                  <test-case name="TestAuth" executed="True" result="Success" success="True" time="0.024" asserts="0" />
                  <test-case name="TestDefault" executed="True" result="Success" success="True" time="0.002" asserts="0" />
                  <test-case name="TestUnauthorized" executed="True" result="Success" success="True" time="2.249" asserts="0" />
                  <test-case name="TestEco.Test01" executed="True" result="Success" success="True" time="0.002" asserts="0" />
                  <test-case name="TestEco.Test02" executed="True" result="Success" success="True" time="0.001" asserts="0" />
                  <test-case name="TestEco.Test03" executed="True" result="Success" success="True" time="0.001" asserts="0" />
                  <test-case name="TestEco.Test04" executed="True" result="Success" success="True" time="0.001" asserts="0" />
                  <test-case name="TestSoma.Test01" executed="True" result="Success" success="True" time="0.001" asserts="0" />
                  <test-case name="TestSoma.Test02" executed="True" result="Success" success="True" time="0.001" asserts="0" />
                  <test-case name="TestUsuarioGet" executed="True" result="Success" success="True" time="0.001" asserts="0" />
                  <test-case name="TestUsuarioPost.Test01" executed="True" result="Success" success="True" time="0.001" asserts="0" />
                  <test-case name="TestUsuarioPost.Test02" executed="True" result="Success" success="True" time="0.001" asserts="0" />
                  <test-case name="TestUsuarioPut.Test01" executed="True" result="Success" success="True" time="0.001" asserts="0" />
                  <test-case name="TestUsuarioPut.Test02" executed="True" result="Success" success="True" time="0.001" asserts="0" />
                  <test-case name="TestUsuarioDelete.Test01" executed="True" result="Error" success="False" time="2.531" asserts="0" >
                    <failure>
                      <message>
                        <![CDATA[ Invalid class typecast ]]>
                      </message>
                      <stack-trace>
                        <![CDATA[  ]]>
                      </stack-trace>
                    </failure>
                  </test-case>
                  <test-case name="TestUsuarioDelete.Test02" executed="True" result="Error" success="False" time="2.207" asserts="0" >
                    <failure>
                      <message>
                        <![CDATA[ Invalid class typecast ]]>
                      </message>
                      <stack-trace>
                        <![CDATA[  ]]>
                      </stack-trace>
                    </failure>
                  </test-case>
                </results>
              </test-suite>
          </results>
        </test-suite>
    </results>
  </test-suite>
</test-results>
